build/app/intermediates/manifest_merge_blame_file/debug/manifest-merger-blame-debug-report.txt
1<?xml version="1.0" encoding="utf-8"?>
2<manifest xmlns:android="http://schemas.android.com/apk/res/android"
3    package="com.example.three_t_fashion"
4    android:versionCode="1"
5    android:versionName="1.0.0" >
6
7    <uses-sdk
8        android:minSdkVersion="21"
9        android:targetSdkVersion="30" />
10    <!--
11         Flutter needs it to communicate with the running application
12         to allow setting breakpoints, to provide hot reload, etc.
13    -->
14    <uses-permission android:name="android.permission.INTERNET" />
14-->src\main\AndroidManifest.xml:43:5-67
14-->src\main\AndroidManifest.xml:43:22-64
15    <uses-permission android:name="com.google.android.finsky.permission.BIND_GET_INSTALL_REFERRER_SERVICE" />
15-->[com.android.installreferrer:installreferrer:1.0] AndroidManifest.xml:9:5-110
15-->[com.android.installreferrer:installreferrer:1.0] AndroidManifest.xml:9:22-107
16
17    <application
17-->src\main\AndroidManifest.xml:3:4-42:19
18        android:appComponentFactory="androidx.core.app.CoreComponentFactory"
18-->[androidx.core:core:1.3.2] AndroidManifest.xml:24:18-86
19        android:debuggable="true"
20        android:icon="@mipmap/ic_launcher"
20-->src\main\AndroidManifest.xml:5:9-43
21        android:label="three_t_fashion"
21-->src\main\AndroidManifest.xml:4:9-40
22        android:supportsRtl="true" >
22-->[com.facebook.android:facebook-login:12.2.0] AndroidManifest.xml:28:18-44
23        <activity
23-->src\main\AndroidManifest.xml:6:9-34:20
24            android:name="com.example.three_t_fashion.MainActivity"
24-->src\main\AndroidManifest.xml:7:13-41
25            android:configChanges="orientation|keyboardHidden|keyboard|screenSize|smallestScreenSize|locale|layoutDirection|fontScale|screenLayout|density|uiMode"
25-->src\main\AndroidManifest.xml:10:13-163
26            android:hardwareAccelerated="true"
26-->src\main\AndroidManifest.xml:11:13-47
27            android:launchMode="singleTop"
27-->src\main\AndroidManifest.xml:8:13-43
28            android:theme="@style/LaunchTheme"
28-->src\main\AndroidManifest.xml:9:13-47
29            android:windowSoftInputMode="adjustResize" >
29-->src\main\AndroidManifest.xml:12:13-55
30
31            <!--
32                 Specifies an Android theme to apply to this Activity as soon as
33                 the Android process has started. This theme is visible to the user
34                 while the Flutter UI initializes. After that, this theme continues
35                 to determine the Window background behind the Flutter UI.
36            -->
37            <meta-data
37-->src\main\AndroidManifest.xml:17:13-20:17
38                android:name="io.flutter.embedding.android.NormalTheme"
38-->src\main\AndroidManifest.xml:18:15-70
39                android:resource="@style/NormalTheme" />
39-->src\main\AndroidManifest.xml:19:15-52
40            <!--
41                 Displays an Android View that continues showing the launch screen
42                 Drawable until Flutter paints its first frame, then this splash
43                 screen fades out. A splash screen is useful to avoid any visual
44                 gap between the end of Android's launch screen and the painting of
45                 Flutter's first frame.
46            -->
47            <meta-data
47-->src\main\AndroidManifest.xml:26:13-29:17
48                android:name="io.flutter.embedding.android.SplashScreenDrawable"
48-->src\main\AndroidManifest.xml:27:15-79
49                android:resource="@drawable/launch_background" />
49-->src\main\AndroidManifest.xml:28:15-61
50
51            <intent-filter>
51-->src\main\AndroidManifest.xml:30:13-33:29
52                <action android:name="android.intent.action.MAIN" />
52-->src\main\AndroidManifest.xml:31:17-68
52-->src\main\AndroidManifest.xml:31:25-66
53
54                <category android:name="android.intent.category.LAUNCHER" />
54-->src\main\AndroidManifest.xml:32:17-76
54-->src\main\AndroidManifest.xml:32:27-74
55            </intent-filter>
56        </activity>
57
58        <meta-data
58-->src\main\AndroidManifest.xml:35:9-107
59            android:name="com.facebook.sdk.ApplicationId"
59-->src\main\AndroidManifest.xml:35:20-65
60            android:value="@string/facebook_app_id" />
60-->src\main\AndroidManifest.xml:35:66-105
61
62        <activity
62-->src\main\AndroidManifest.xml:35:108-283
63            android:name="com.facebook.FacebookActivity"
63-->src\main\AndroidManifest.xml:35:118-162
64            android:configChanges="keyboard|keyboardHidden|screenLayout|screenSize|orientation"
64-->src\main\AndroidManifest.xml:35:163-247
65            android:label="@string/app_name"
65-->src\main\AndroidManifest.xml:35:248-280
66            android:theme="@style/com_facebook_activity_theme" />
66-->[com.facebook.android:facebook-common:12.2.0] AndroidManifest.xml:33:13-63
67        <activity
67-->src\main\AndroidManifest.xml:35:284-643
68            android:name="com.facebook.CustomTabActivity"
68-->src\main\AndroidManifest.xml:35:294-339
69            android:exported="true" >
69-->src\main\AndroidManifest.xml:35:340-363
70            <intent-filter>
70-->src\main\AndroidManifest.xml:35:365-631
71                <action android:name="android.intent.action.VIEW" />
71-->src\main\AndroidManifest.xml:35:381-433
71-->src\main\AndroidManifest.xml:35:389-430
72
73                <category android:name="android.intent.category.DEFAULT" />
73-->src\main\AndroidManifest.xml:35:434-493
73-->src\main\AndroidManifest.xml:35:444-490
74                <category android:name="android.intent.category.BROWSABLE" />
74-->src\main\AndroidManifest.xml:35:494-555
74-->src\main\AndroidManifest.xml:35:504-552
75
76                <data android:scheme="@string/fb_login_protocol_scheme" />
76-->src\main\AndroidManifest.xml:35:556-614
76-->src\main\AndroidManifest.xml:35:562-611
77            </intent-filter>
78            <intent-filter>
78-->[com.facebook.android:facebook-common:12.2.0] AndroidManifest.xml:39:13-48:29
79                <action android:name="android.intent.action.VIEW" />
79-->src\main\AndroidManifest.xml:35:381-433
79-->src\main\AndroidManifest.xml:35:389-430
80
81                <category android:name="android.intent.category.DEFAULT" />
81-->src\main\AndroidManifest.xml:35:434-493
81-->src\main\AndroidManifest.xml:35:444-490
82                <category android:name="android.intent.category.BROWSABLE" />
82-->src\main\AndroidManifest.xml:35:494-555
82-->src\main\AndroidManifest.xml:35:504-552
83
84                <data
84-->src\main\AndroidManifest.xml:35:556-614
85                    android:host="cct.com.example.three_t_fashion"
86                    android:scheme="fbconnect" />
86-->src\main\AndroidManifest.xml:35:562-611
87            </intent-filter>
88        </activity>
89
90        <!--
91             Don't delete the meta-data below.
92             This is used by the Flutter tool to generate GeneratedPluginRegistrant.java
93        -->
94        <meta-data
94-->src\main\AndroidManifest.xml:39:9-41:33
95            android:name="flutterEmbedding"
95-->src\main\AndroidManifest.xml:40:13-44
96            android:value="2" />
96-->src\main\AndroidManifest.xml:41:13-30
97
98        <activity android:name="com.facebook.CustomTabMainActivity" />
98-->[com.facebook.android:facebook-common:12.2.0] AndroidManifest.xml:34:9-71
98-->[com.facebook.android:facebook-common:12.2.0] AndroidManifest.xml:34:19-68
99        <!--
100         The initialization ContentProvider will call FacebookSdk.sdkInitialize automatically
101         with the application context. This config is merged in with the host app's manifest,
102         but there can only be one provider with the same authority activated at any given
103         point; so if the end user has two or more different apps that use Facebook SDK, only the
104         first one will be able to use the provider. To work around this problem, we use the
105         following placeholder in the authority to identify each host application as if it was
106         a completely different provider.
107        -->
108        <provider
108-->[com.facebook.android:facebook-core:12.2.0] AndroidManifest.xml:39:9-42:40
109            android:name="com.facebook.internal.FacebookInitProvider"
109-->[com.facebook.android:facebook-core:12.2.0] AndroidManifest.xml:40:13-70
110            android:authorities="com.example.three_t_fashion.FacebookInitProvider"
110-->[com.facebook.android:facebook-core:12.2.0] AndroidManifest.xml:41:13-72
111            android:exported="false" />
111-->[com.facebook.android:facebook-core:12.2.0] AndroidManifest.xml:42:13-37
112
113        <receiver
113-->[com.facebook.android:facebook-core:12.2.0] AndroidManifest.xml:44:9-50:20
114            android:name="com.facebook.CurrentAccessTokenExpirationBroadcastReceiver"
114-->[com.facebook.android:facebook-core:12.2.0] AndroidManifest.xml:45:13-86
115            android:exported="false" >
115-->[com.facebook.android:facebook-core:12.2.0] AndroidManifest.xml:46:13-37
116            <intent-filter>
116-->[com.facebook.android:facebook-core:12.2.0] AndroidManifest.xml:47:13-49:29
117                <action android:name="com.facebook.sdk.ACTION_CURRENT_ACCESS_TOKEN_CHANGED" />
117-->[com.facebook.android:facebook-core:12.2.0] AndroidManifest.xml:48:17-95
117-->[com.facebook.android:facebook-core:12.2.0] AndroidManifest.xml:48:25-92
118            </intent-filter>
119        </receiver>
120        <receiver
120-->[com.facebook.android:facebook-core:12.2.0] AndroidManifest.xml:51:9-57:20
121            android:name="com.facebook.AuthenticationTokenManager$CurrentAuthenticationTokenChangedBroadcastReceiver"
121-->[com.facebook.android:facebook-core:12.2.0] AndroidManifest.xml:52:13-118
122            android:exported="false" >
122-->[com.facebook.android:facebook-core:12.2.0] AndroidManifest.xml:53:13-37
123            <intent-filter>
123-->[com.facebook.android:facebook-core:12.2.0] AndroidManifest.xml:54:13-56:29
124                <action android:name="com.facebook.sdk.ACTION_CURRENT_AUTHENTICATION_TOKEN_CHANGED" />
124-->[com.facebook.android:facebook-core:12.2.0] AndroidManifest.xml:55:17-103
124-->[com.facebook.android:facebook-core:12.2.0] AndroidManifest.xml:55:25-100
125            </intent-filter>
126        </receiver>
127
128        <activity
128-->[com.google.android.gms:play-services-auth:20.0.1] AndroidManifest.xml:23:9-27:75
129            android:name="com.google.android.gms.auth.api.signin.internal.SignInHubActivity"
129-->[com.google.android.gms:play-services-auth:20.0.1] AndroidManifest.xml:24:13-93
130            android:excludeFromRecents="true"
130-->[com.google.android.gms:play-services-auth:20.0.1] AndroidManifest.xml:25:13-46
131            android:exported="false"
131-->[com.google.android.gms:play-services-auth:20.0.1] AndroidManifest.xml:26:13-37
132            android:theme="@android:style/Theme.Translucent.NoTitleBar" />
132-->[com.google.android.gms:play-services-auth:20.0.1] AndroidManifest.xml:27:13-72
133        <!--
134            Service handling Google Sign-In user revocation. For apps that do not integrate with
135            Google Sign-In, this service will never be started.
136        -->
137        <service
137-->[com.google.android.gms:play-services-auth:20.0.1] AndroidManifest.xml:33:9-37:51
138            android:name="com.google.android.gms.auth.api.signin.RevocationBoundService"
138-->[com.google.android.gms:play-services-auth:20.0.1] AndroidManifest.xml:34:13-89
139            android:exported="true"
139-->[com.google.android.gms:play-services-auth:20.0.1] AndroidManifest.xml:35:13-36
140            android:permission="com.google.android.gms.auth.api.signin.permission.REVOCATION_NOTIFICATION"
140-->[com.google.android.gms:play-services-auth:20.0.1] AndroidManifest.xml:36:13-107
141            android:visibleToInstantApps="true" />
141-->[com.google.android.gms:play-services-auth:20.0.1] AndroidManifest.xml:37:13-48
142
143        <activity
143-->[com.google.android.gms:play-services-base:18.0.1] AndroidManifest.xml:20:9-22:45
144            android:name="com.google.android.gms.common.api.GoogleApiActivity"
144-->[com.google.android.gms:play-services-base:18.0.1] AndroidManifest.xml:20:19-85
145            android:exported="false"
145-->[com.google.android.gms:play-services-base:18.0.1] AndroidManifest.xml:22:19-43
146            android:theme="@android:style/Theme.Translucent.NoTitleBar" />
146-->[com.google.android.gms:play-services-base:18.0.1] AndroidManifest.xml:21:19-78
147
148        <meta-data
148-->[com.google.android.gms:play-services-basement:18.0.0] AndroidManifest.xml:21:9-23:69
149            android:name="com.google.android.gms.version"
149-->[com.google.android.gms:play-services-basement:18.0.0] AndroidManifest.xml:22:13-58
150            android:value="@integer/google_play_services_version" />
150-->[com.google.android.gms:play-services-basement:18.0.0] AndroidManifest.xml:23:13-66
151    </application>
152
153</manifest>